==========================================
SLURM_JOB_ID = 8002456
SLURM_JOB_NODELIST = a04-06
TMPDIR = /tmp/SLURM_8002456
==========================================
/home1/dpwani/.local/lib/python3.9/site-packages/torch/cuda/__init__.py:104: UserWarning: 
NVIDIA A40 with CUDA capability sm_86 is not compatible with the current PyTorch installation.
The current PyTorch install supports CUDA capabilities sm_37 sm_50 sm_60 sm_70 sm_75.
If you want to use the NVIDIA A40 GPU with PyTorch, please check the instructions at https://pytorch.org/get-started/locally/

  warnings.warn(incompatible_device_warn.format(device_name, capability, " ".join(arch_list), device_name))
Traceback (most recent call last):
  File "/home1/dpwani/vqa_baseline/visual_question_answering/train.py", line 220, in <module>
    main(args)
  File "/home1/dpwani/vqa_baseline/visual_question_answering/train.py", line 32, in main
    model = VqaModel(
  File "/home1/dpwani/.local/lib/python3.9/site-packages/torch/nn/modules/module.py", line 612, in to
    return self._apply(convert)
  File "/home1/dpwani/.local/lib/python3.9/site-packages/torch/nn/modules/module.py", line 359, in _apply
    module._apply(fn)
  File "/home1/dpwani/.local/lib/python3.9/site-packages/torch/nn/modules/module.py", line 359, in _apply
    module._apply(fn)
  File "/home1/dpwani/.local/lib/python3.9/site-packages/torch/nn/modules/rnn.py", line 162, in _apply
    self.flatten_parameters()
  File "/home1/dpwani/.local/lib/python3.9/site-packages/torch/nn/modules/rnn.py", line 149, in flatten_parameters
    torch._cudnn_rnn_flatten_weight(
RuntimeError: CUDA error: no kernel image is available for execution on the device
